06/10 10:31:52 - mmengine - INFO - Checkpoints will be saved to /data/github/openmmlab/mmpretrain/projects/fruit30/exp.
06/10 10:32:04 - mmengine - INFO - Epoch(train)  [1][100/109]  lr: 1.0000e-02  eta: 0:10:52  time: 0.0893  data_time: 0.0009  memory: 875  loss: 1.1847
06/10 10:32:05 - mmengine - INFO - Exp name: resnet18_finetune_20230610_103144
06/10 10:32:05 - mmengine - INFO - Saving checkpoint at 1 epochs
06/10 10:32:08 - mmengine - INFO - Epoch(val) [1][28/28]    accuracy/top1: 64.9775  accuracy/top3: 86.2613  data_time: 0.0169  time: 0.0450
06/10 10:32:17 - mmengine - INFO - Epoch(train)  [2][100/109]  lr: 1.0000e-02  eta: 0:09:14  time: 0.0899  data_time: 0.0010  memory: 875  loss: 1.0260
06/10 10:32:18 - mmengine - INFO - Exp name: resnet18_finetune_20230610_103144
06/10 10:32:18 - mmengine - INFO - Saving checkpoint at 2 epochs
06/10 10:32:20 - mmengine - INFO - Epoch(val) [2][28/28]    accuracy/top1: 70.3829  accuracy/top3: 90.8784  data_time: 0.0047  time: 0.0325
06/10 10:32:29 - mmengine - INFO - Epoch(train)  [3][100/109]  lr: 1.0000e-02  eta: 0:08:39  time: 0.0907  data_time: 0.0009  memory: 875  loss: 0.8455
06/10 10:32:30 - mmengine - INFO - Exp name: resnet18_finetune_20230610_103144
06/10 10:32:30 - mmengine - INFO - Saving checkpoint at 3 epochs
06/10 10:32:32 - mmengine - INFO - Epoch(val) [3][28/28]    accuracy/top1: 70.6081  accuracy/top3: 92.0045  data_time: 0.0049  time: 0.0328
06/10 10:32:41 - mmengine - INFO - Epoch(train)  [4][100/109]  lr: 1.0000e-02  eta: 0:08:17  time: 0.0918  data_time: 0.0010  memory: 875  loss: 0.7229
06/10 10:32:42 - mmengine - INFO - Exp name: resnet18_finetune_20230610_103144
06/10 10:32:42 - mmengine - INFO - Saving checkpoint at 4 epochs
06/10 10:32:44 - mmengine - INFO - Epoch(val) [4][28/28]    accuracy/top1: 74.8874  accuracy/top3: 92.6802  data_time: 0.0049  time: 0.0331
06/10 10:32:53 - mmengine - INFO - Epoch(train)  [5][100/109]  lr: 1.0000e-02  eta: 0:08:00  time: 0.0910  data_time: 0.0008  memory: 875  loss: 0.7211
06/10 10:32:54 - mmengine - INFO - Exp name: resnet18_finetune_20230610_103144
06/10 10:32:54 - mmengine - INFO - Saving checkpoint at 5 epochs
06/10 10:32:56 - mmengine - INFO - Epoch(val) [5][28/28]    accuracy/top1: 79.3919  accuracy/top3: 95.1577  data_time: 0.0063  time: 0.0345
06/10 10:33:05 - mmengine - INFO - Epoch(train)  [6][100/109]  lr: 1.0000e-02  eta: 0:07:45  time: 0.0909  data_time: 0.0008  memory: 875  loss: 0.6594
06/10 10:33:06 - mmengine - INFO - Exp name: resnet18_finetune_20230610_103144
06/10 10:33:06 - mmengine - INFO - Saving checkpoint at 6 epochs
06/10 10:33:08 - mmengine - INFO - Epoch(val) [6][28/28]    accuracy/top1: 78.2658  accuracy/top3: 92.9054  data_time: 0.0059  time: 0.0339
06/10 10:33:18 - mmengine - INFO - Epoch(train)  [7][100/109]  lr: 1.0000e-02  eta: 0:07:31  time: 0.0905  data_time: 0.0007  memory: 875  loss: 0.7124
06/10 10:33:18 - mmengine - INFO - Exp name: resnet18_finetune_20230610_103144
06/10 10:33:18 - mmengine - INFO - Saving checkpoint at 7 epochs
06/10 10:33:20 - mmengine - INFO - Epoch(val) [7][28/28]    accuracy/top1: 80.9685  accuracy/top3: 93.6937  data_time: 0.0052  time: 0.0330
06/10 10:33:30 - mmengine - INFO - Epoch(train)  [8][100/109]  lr: 1.0000e-02  eta: 0:07:18  time: 0.0903  data_time: 0.0010  memory: 875  loss: 0.4742
06/10 10:33:30 - mmengine - INFO - Exp name: resnet18_finetune_20230610_103144
06/10 10:33:30 - mmengine - INFO - Saving checkpoint at 8 epochs
06/10 10:33:33 - mmengine - INFO - Epoch(val) [8][28/28]    accuracy/top1: 79.2793  accuracy/top3: 93.1306  data_time: 0.0054  time: 0.0332
06/10 10:33:42 - mmengine - INFO - Epoch(train)  [9][100/109]  lr: 1.0000e-02  eta: 0:07:06  time: 0.0900  data_time: 0.0009  memory: 875  loss: 0.5631
06/10 10:33:43 - mmengine - INFO - Exp name: resnet18_finetune_20230610_103144
06/10 10:33:43 - mmengine - INFO - Saving checkpoint at 9 epochs
06/10 10:33:45 - mmengine - INFO - Epoch(val) [9][28/28]    accuracy/top1: 78.2658  accuracy/top3: 93.0180  data_time: 0.0050  time: 0.0338
06/10 10:33:46 - mmengine - INFO - Exp name: resnet18_finetune_20230610_103144
06/10 10:33:54 - mmengine - INFO - Epoch(train) [10][100/109]  lr: 1.0000e-02  eta: 0:06:53  time: 0.0894  data_time: 0.0007  memory: 875  loss: 0.4237
06/10 10:33:54 - mmengine - INFO - Exp name: resnet18_finetune_20230610_103144
06/10 10:33:54 - mmengine - INFO - Saving checkpoint at 10 epochs
06/10 10:33:57 - mmengine - INFO - Epoch(val) [10][28/28]    accuracy/top1: 84.5721  accuracy/top3: 94.7072  data_time: 0.0058  time: 0.0342
06/10 10:34:06 - mmengine - INFO - Epoch(train) [11][100/109]  lr: 1.0000e-02  eta: 0:06:42  time: 0.0904  data_time: 0.0010  memory: 875  loss: 0.5077
06/10 10:34:07 - mmengine - INFO - Exp name: resnet18_finetune_20230610_103144
06/10 10:34:07 - mmengine - INFO - Saving checkpoint at 11 epochs
06/10 10:34:09 - mmengine - INFO - Epoch(val) [11][28/28]    accuracy/top1: 81.8694  accuracy/top3: 95.1577  data_time: 0.0067  time: 0.0352
06/10 10:34:18 - mmengine - INFO - Epoch(train) [12][100/109]  lr: 1.0000e-02  eta: 0:06:30  time: 0.0893  data_time: 0.0010  memory: 875  loss: 0.4980
06/10 10:34:19 - mmengine - INFO - Exp name: resnet18_finetune_20230610_103144
06/10 10:34:19 - mmengine - INFO - Saving checkpoint at 12 epochs
06/10 10:34:21 - mmengine - INFO - Epoch(val) [12][28/28]    accuracy/top1: 85.3604  accuracy/top3: 95.7207  data_time: 0.0067  time: 0.0348
06/10 10:34:30 - mmengine - INFO - Epoch(train) [13][100/109]  lr: 1.0000e-02  eta: 0:06:19  time: 0.0892  data_time: 0.0008  memory: 875  loss: 0.3855
06/10 10:34:31 - mmengine - INFO - Exp name: resnet18_finetune_20230610_103144
06/10 10:34:31 - mmengine - INFO - Saving checkpoint at 13 epochs
06/10 10:34:33 - mmengine - INFO - Epoch(val) [13][28/28]    accuracy/top1: 83.3333  accuracy/top3: 95.2703  data_time: 0.0079  time: 0.0351
06/10 10:34:42 - mmengine - INFO - Epoch(train) [14][100/109]  lr: 1.0000e-02  eta: 0:06:08  time: 0.0891  data_time: 0.0008  memory: 875  loss: 0.3557
06/10 10:34:43 - mmengine - INFO - Exp name: resnet18_finetune_20230610_103144
06/10 10:34:43 - mmengine - INFO - Saving checkpoint at 14 epochs
06/10 10:34:45 - mmengine - INFO - Epoch(val) [14][28/28]    accuracy/top1: 84.1216  accuracy/top3: 95.8333  data_time: 0.0064  time: 0.0339
06/10 10:34:54 - mmengine - INFO - Epoch(train) [15][100/109]  lr: 1.0000e-02  eta: 0:05:57  time: 0.0890  data_time: 0.0008  memory: 875  loss: 0.3744
06/10 10:34:55 - mmengine - INFO - Exp name: resnet18_finetune_20230610_103144
06/10 10:34:55 - mmengine - INFO - Saving checkpoint at 15 epochs
06/10 10:34:57 - mmengine - INFO - Epoch(val) [15][28/28]    accuracy/top1: 85.1351  accuracy/top3: 96.3964  data_time: 0.0047  time: 0.0326
06/10 10:35:06 - mmengine - INFO - Epoch(train) [16][100/109]  lr: 1.0000e-02  eta: 0:05:46  time: 0.0892  data_time: 0.0008  memory: 875  loss: 0.4709
06/10 10:35:07 - mmengine - INFO - Exp name: resnet18_finetune_20230610_103144
06/10 10:35:07 - mmengine - INFO - Saving checkpoint at 16 epochs
06/10 10:35:09 - mmengine - INFO - Epoch(val) [16][28/28]    accuracy/top1: 84.7973  accuracy/top3: 94.7072  data_time: 0.0048  time: 0.0325
06/10 10:35:18 - mmengine - INFO - Epoch(train) [17][100/109]  lr: 1.0000e-02  eta: 0:05:35  time: 0.0888  data_time: 0.0007  memory: 875  loss: 0.3220
06/10 10:35:18 - mmengine - INFO - Exp name: resnet18_finetune_20230610_103144
06/10 10:35:18 - mmengine - INFO - Saving checkpoint at 17 epochs
06/10 10:35:21 - mmengine - INFO - Epoch(val) [17][28/28]    accuracy/top1: 84.0090  accuracy/top3: 95.7207  data_time: 0.0055  time: 0.0330
06/10 10:35:30 - mmengine - INFO - Epoch(train) [18][100/109]  lr: 1.0000e-02  eta: 0:05:25  time: 0.0891  data_time: 0.0012  memory: 875  loss: 0.3000
06/10 10:35:30 - mmengine - INFO - Exp name: resnet18_finetune_20230610_103144
06/10 10:35:30 - mmengine - INFO - Saving checkpoint at 18 epochs
06/10 10:35:33 - mmengine - INFO - Epoch(val) [18][28/28]    accuracy/top1: 84.5721  accuracy/top3: 95.6081  data_time: 0.0058  time: 0.0338
06/10 10:35:36 - mmengine - INFO - Exp name: resnet18_finetune_20230610_103144
06/10 10:35:42 - mmengine - INFO - Epoch(train) [19][100/109]  lr: 1.0000e-02  eta: 0:05:14  time: 0.0890  data_time: 0.0010  memory: 875  loss: 0.2773
06/10 10:35:42 - mmengine - INFO - Exp name: resnet18_finetune_20230610_103144
06/10 10:35:42 - mmengine - INFO - Saving checkpoint at 19 epochs
06/10 10:35:45 - mmengine - INFO - Epoch(val) [19][28/28]    accuracy/top1: 83.6712  accuracy/top3: 95.1577  data_time: 0.0055  time: 0.0330
06/10 10:35:54 - mmengine - INFO - Epoch(train) [20][100/109]  lr: 1.0000e-02  eta: 0:05:04  time: 0.0892  data_time: 0.0010  memory: 875  loss: 0.3255
06/10 10:35:54 - mmengine - INFO - Exp name: resnet18_finetune_20230610_103144
06/10 10:35:54 - mmengine - INFO - Saving checkpoint at 20 epochs
06/10 10:35:57 - mmengine - INFO - Epoch(val) [20][28/28]    accuracy/top1: 87.6126  accuracy/top3: 96.7342  data_time: 0.0051  time: 0.0343
06/10 10:36:06 - mmengine - INFO - Epoch(train) [21][100/109]  lr: 1.0000e-02  eta: 0:04:53  time: 0.0894  data_time: 0.0010  memory: 875  loss: 0.2567
06/10 10:36:06 - mmengine - INFO - Exp name: resnet18_finetune_20230610_103144
06/10 10:36:06 - mmengine - INFO - Saving checkpoint at 21 epochs
06/10 10:36:09 - mmengine - INFO - Epoch(val) [21][28/28]    accuracy/top1: 88.2883  accuracy/top3: 95.9459  data_time: 0.0053  time: 0.0345
06/10 10:36:18 - mmengine - INFO - Epoch(train) [22][100/109]  lr: 1.0000e-02  eta: 0:04:43  time: 0.0894  data_time: 0.0009  memory: 875  loss: 0.2338
06/10 10:36:19 - mmengine - INFO - Exp name: resnet18_finetune_20230610_103144
06/10 10:36:19 - mmengine - INFO - Saving checkpoint at 22 epochs
06/10 10:36:21 - mmengine - INFO - Epoch(val) [22][28/28]    accuracy/top1: 87.9504  accuracy/top3: 96.2838  data_time: 0.0050  time: 0.0336
06/10 10:36:30 - mmengine - INFO - Epoch(train) [23][100/109]  lr: 1.0000e-02  eta: 0:04:33  time: 0.0896  data_time: 0.0010  memory: 875  loss: 0.2808
06/10 10:36:31 - mmengine - INFO - Exp name: resnet18_finetune_20230610_103144
06/10 10:36:31 - mmengine - INFO - Saving checkpoint at 23 epochs
06/10 10:36:33 - mmengine - INFO - Epoch(val) [23][28/28]    accuracy/top1: 86.7117  accuracy/top3: 95.7207  data_time: 0.0046  time: 0.0325
06/10 10:36:42 - mmengine - INFO - Epoch(train) [24][100/109]  lr: 1.0000e-02  eta: 0:04:23  time: 0.0907  data_time: 0.0008  memory: 875  loss: 0.2938
06/10 10:36:43 - mmengine - INFO - Exp name: resnet18_finetune_20230610_103144
06/10 10:36:43 - mmengine - INFO - Saving checkpoint at 24 epochs
06/10 10:36:45 - mmengine - INFO - Epoch(val) [24][28/28]    accuracy/top1: 84.6847  accuracy/top3: 96.8468  data_time: 0.0057  time: 0.0336
06/10 10:36:54 - mmengine - INFO - Epoch(train) [25][100/109]  lr: 1.0000e-02  eta: 0:04:12  time: 0.0940  data_time: 0.0027  memory: 875  loss: 0.2298
06/10 10:36:55 - mmengine - INFO - Exp name: resnet18_finetune_20230610_103144
06/10 10:36:55 - mmengine - INFO - Saving checkpoint at 25 epochs
06/10 10:36:57 - mmengine - INFO - Epoch(val) [25][28/28]    accuracy/top1: 85.6982  accuracy/top3: 95.4955  data_time: 0.0047  time: 0.0324
06/10 10:37:06 - mmengine - INFO - Epoch(train) [26][100/109]  lr: 1.0000e-02  eta: 0:04:02  time: 0.0920  data_time: 0.0009  memory: 875  loss: 0.2149
06/10 10:37:07 - mmengine - INFO - Exp name: resnet18_finetune_20230610_103144
06/10 10:37:07 - mmengine - INFO - Saving checkpoint at 26 epochs
06/10 10:37:09 - mmengine - INFO - Epoch(val) [26][28/28]    accuracy/top1: 86.0360  accuracy/top3: 96.9595  data_time: 0.0050  time: 0.0327
06/10 10:37:18 - mmengine - INFO - Epoch(train) [27][100/109]  lr: 1.0000e-02  eta: 0:03:52  time: 0.0896  data_time: 0.0007  memory: 875  loss: 0.2942
06/10 10:37:19 - mmengine - INFO - Exp name: resnet18_finetune_20230610_103144
06/10 10:37:19 - mmengine - INFO - Saving checkpoint at 27 epochs
06/10 10:37:21 - mmengine - INFO - Epoch(val) [27][28/28]    accuracy/top1: 87.3874  accuracy/top3: 94.8198  data_time: 0.0059  time: 0.0336
06/10 10:37:26 - mmengine - INFO - Exp name: resnet18_finetune_20230610_103144
06/10 10:37:30 - mmengine - INFO - Epoch(train) [28][100/109]  lr: 1.0000e-02  eta: 0:03:42  time: 0.0895  data_time: 0.0008  memory: 875  loss: 0.2328
06/10 10:37:31 - mmengine - INFO - Exp name: resnet18_finetune_20230610_103144
06/10 10:37:31 - mmengine - INFO - Saving checkpoint at 28 epochs
06/10 10:37:33 - mmengine - INFO - Epoch(val) [28][28/28]    accuracy/top1: 88.1757  accuracy/top3: 96.2838  data_time: 0.0050  time: 0.0347
06/10 10:37:42 - mmengine - INFO - Epoch(train) [29][100/109]  lr: 1.0000e-02  eta: 0:03:32  time: 0.0936  data_time: 0.0008  memory: 875  loss: 0.2470
06/10 10:37:43 - mmengine - INFO - Exp name: resnet18_finetune_20230610_103144
06/10 10:37:43 - mmengine - INFO - Saving checkpoint at 29 epochs
06/10 10:37:45 - mmengine - INFO - Epoch(val) [29][28/28]    accuracy/top1: 86.8243  accuracy/top3: 95.3829  data_time: 0.0055  time: 0.0349
06/10 10:37:54 - mmengine - INFO - Epoch(train) [30][100/109]  lr: 1.0000e-02  eta: 0:03:22  time: 0.0897  data_time: 0.0008  memory: 875  loss: 0.2010
06/10 10:37:55 - mmengine - INFO - Exp name: resnet18_finetune_20230610_103144
06/10 10:37:55 - mmengine - INFO - Saving checkpoint at 30 epochs
06/10 10:37:57 - mmengine - INFO - Epoch(val) [30][28/28]    accuracy/top1: 88.0631  accuracy/top3: 96.1712  data_time: 0.0050  time: 0.0331
06/10 10:38:06 - mmengine - INFO - Epoch(train) [31][100/109]  lr: 1.0000e-03  eta: 0:03:11  time: 0.0897  data_time: 0.0007  memory: 875  loss: 0.1245
06/10 10:38:07 - mmengine - INFO - Exp name: resnet18_finetune_20230610_103144
06/10 10:38:07 - mmengine - INFO - Saving checkpoint at 31 epochs
06/10 10:38:09 - mmengine - INFO - Epoch(val) [31][28/28]    accuracy/top1: 90.6532  accuracy/top3: 96.8468  data_time: 0.0051  time: 0.0333
06/10 10:38:18 - mmengine - INFO - Epoch(train) [32][100/109]  lr: 1.0000e-03  eta: 0:03:01  time: 0.0897  data_time: 0.0007  memory: 875  loss: 0.0975
06/10 10:38:19 - mmengine - INFO - Exp name: resnet18_finetune_20230610_103144
06/10 10:38:19 - mmengine - INFO - Saving checkpoint at 32 epochs
06/10 10:38:21 - mmengine - INFO - Epoch(val) [32][28/28]    accuracy/top1: 90.6532  accuracy/top3: 96.5090  data_time: 0.0048  time: 0.0335
06/10 10:38:30 - mmengine - INFO - Epoch(train) [33][100/109]  lr: 1.0000e-03  eta: 0:02:51  time: 0.0898  data_time: 0.0008  memory: 875  loss: 0.1297
06/10 10:38:31 - mmengine - INFO - Exp name: resnet18_finetune_20230610_103144
06/10 10:38:31 - mmengine - INFO - Saving checkpoint at 33 epochs
06/10 10:38:33 - mmengine - INFO - Epoch(val) [33][28/28]    accuracy/top1: 90.4279  accuracy/top3: 96.9595  data_time: 0.0049  time: 0.0350
06/10 10:38:42 - mmengine - INFO - Epoch(train) [34][100/109]  lr: 1.0000e-03  eta: 0:02:41  time: 0.0899  data_time: 0.0008  memory: 875  loss: 0.1155
06/10 10:38:43 - mmengine - INFO - Exp name: resnet18_finetune_20230610_103144
06/10 10:38:43 - mmengine - INFO - Saving checkpoint at 34 epochs
06/10 10:38:45 - mmengine - INFO - Epoch(val) [34][28/28]    accuracy/top1: 90.7658  accuracy/top3: 96.7342  data_time: 0.0053  time: 0.0364
06/10 10:38:54 - mmengine - INFO - Epoch(train) [35][100/109]  lr: 1.0000e-03  eta: 0:02:31  time: 0.0909  data_time: 0.0009  memory: 875  loss: 0.1658
06/10 10:38:55 - mmengine - INFO - Exp name: resnet18_finetune_20230610_103144
06/10 10:38:55 - mmengine - INFO - Saving checkpoint at 35 epochs
06/10 10:38:57 - mmengine - INFO - Epoch(val) [35][28/28]    accuracy/top1: 90.9910  accuracy/top3: 97.0721  data_time: 0.0064  time: 0.0358
06/10 10:39:07 - mmengine - INFO - Epoch(train) [36][100/109]  lr: 1.0000e-03  eta: 0:02:21  time: 0.0919  data_time: 0.0026  memory: 875  loss: 0.0594
06/10 10:39:07 - mmengine - INFO - Exp name: resnet18_finetune_20230610_103144
06/10 10:39:07 - mmengine - INFO - Saving checkpoint at 36 epochs
06/10 10:39:09 - mmengine - INFO - Epoch(val) [36][28/28]    accuracy/top1: 90.7658  accuracy/top3: 97.2973  data_time: 0.0051  time: 0.0331
06/10 10:39:16 - mmengine - INFO - Exp name: resnet18_finetune_20230610_103144
06/10 10:39:19 - mmengine - INFO - Epoch(train) [37][100/109]  lr: 1.0000e-03  eta: 0:02:11  time: 0.0917  data_time: 0.0031  memory: 875  loss: 0.0668
06/10 10:39:19 - mmengine - INFO - Exp name: resnet18_finetune_20230610_103144
06/10 10:39:19 - mmengine - INFO - Saving checkpoint at 37 epochs
06/10 10:39:21 - mmengine - INFO - Epoch(val) [37][28/28]    accuracy/top1: 91.1036  accuracy/top3: 97.2973  data_time: 0.0075  time: 0.0353
06/10 10:39:31 - mmengine - INFO - Epoch(train) [38][100/109]  lr: 1.0000e-03  eta: 0:02:01  time: 0.0899  data_time: 0.0010  memory: 875  loss: 0.1488
06/10 10:39:32 - mmengine - INFO - Exp name: resnet18_finetune_20230610_103144
06/10 10:39:32 - mmengine - INFO - Saving checkpoint at 38 epochs
06/10 10:39:34 - mmengine - INFO - Epoch(val) [38][28/28]    accuracy/top1: 90.8784  accuracy/top3: 97.5225  data_time: 0.0053  time: 0.0344
06/10 10:39:43 - mmengine - INFO - Epoch(train) [39][100/109]  lr: 1.0000e-03  eta: 0:01:51  time: 0.0895  data_time: 0.0007  memory: 875  loss: 0.0879
06/10 10:39:44 - mmengine - INFO - Exp name: resnet18_finetune_20230610_103144
06/10 10:39:44 - mmengine - INFO - Saving checkpoint at 39 epochs
06/10 10:39:46 - mmengine - INFO - Epoch(val) [39][28/28]    accuracy/top1: 90.7658  accuracy/top3: 97.2973  data_time: 0.0054  time: 0.0332
06/10 10:39:55 - mmengine - INFO - Epoch(train) [40][100/109]  lr: 1.0000e-03  eta: 0:01:41  time: 0.0895  data_time: 0.0007  memory: 875  loss: 0.1203
06/10 10:39:56 - mmengine - INFO - Exp name: resnet18_finetune_20230610_103144
06/10 10:39:56 - mmengine - INFO - Saving checkpoint at 40 epochs
06/10 10:39:58 - mmengine - INFO - Epoch(val) [40][28/28]    accuracy/top1: 91.3288  accuracy/top3: 97.4099  data_time: 0.0050  time: 0.0351
06/10 10:40:07 - mmengine - INFO - Epoch(train) [41][100/109]  lr: 1.0000e-03  eta: 0:01:31  time: 0.0896  data_time: 0.0008  memory: 875  loss: 0.0757
06/10 10:40:08 - mmengine - INFO - Exp name: resnet18_finetune_20230610_103144
06/10 10:40:08 - mmengine - INFO - Saving checkpoint at 41 epochs
06/10 10:40:10 - mmengine - INFO - Epoch(val) [41][28/28]    accuracy/top1: 91.6667  accuracy/top3: 97.4099  data_time: 0.0055  time: 0.0330
06/10 10:40:19 - mmengine - INFO - Epoch(train) [42][100/109]  lr: 1.0000e-03  eta: 0:01:21  time: 0.0896  data_time: 0.0008  memory: 875  loss: 0.0881
06/10 10:40:20 - mmengine - INFO - Exp name: resnet18_finetune_20230610_103144
06/10 10:40:20 - mmengine - INFO - Saving checkpoint at 42 epochs
06/10 10:40:22 - mmengine - INFO - Epoch(val) [42][28/28]    accuracy/top1: 91.7793  accuracy/top3: 97.4099  data_time: 0.0073  time: 0.0360
06/10 10:40:31 - mmengine - INFO - Epoch(train) [43][100/109]  lr: 1.0000e-03  eta: 0:01:11  time: 0.0896  data_time: 0.0008  memory: 875  loss: 0.0695
06/10 10:40:32 - mmengine - INFO - Exp name: resnet18_finetune_20230610_103144
06/10 10:40:32 - mmengine - INFO - Saving checkpoint at 43 epochs
06/10 10:40:34 - mmengine - INFO - Epoch(val) [43][28/28]    accuracy/top1: 91.7793  accuracy/top3: 97.4099  data_time: 0.0076  time: 0.0350
06/10 10:40:43 - mmengine - INFO - Epoch(train) [44][100/109]  lr: 1.0000e-03  eta: 0:01:01  time: 0.0896  data_time: 0.0008  memory: 875  loss: 0.0832
06/10 10:40:44 - mmengine - INFO - Exp name: resnet18_finetune_20230610_103144
06/10 10:40:44 - mmengine - INFO - Saving checkpoint at 44 epochs
06/10 10:40:46 - mmengine - INFO - Epoch(val) [44][28/28]    accuracy/top1: 91.8919  accuracy/top3: 97.0721  data_time: 0.0047  time: 0.0343
06/10 10:40:55 - mmengine - INFO - Epoch(train) [45][100/109]  lr: 1.0000e-03  eta: 0:00:50  time: 0.0897  data_time: 0.0007  memory: 875  loss: 0.0666
06/10 10:40:56 - mmengine - INFO - Exp name: resnet18_finetune_20230610_103144
06/10 10:40:56 - mmengine - INFO - Saving checkpoint at 45 epochs
06/10 10:40:58 - mmengine - INFO - Epoch(val) [45][28/28]    accuracy/top1: 91.5541  accuracy/top3: 97.2973  data_time: 0.0050  time: 0.0355
06/10 10:41:07 - mmengine - INFO - Exp name: resnet18_finetune_20230610_103144
06/10 10:41:07 - mmengine - INFO - Epoch(train) [46][100/109]  lr: 1.0000e-03  eta: 0:00:40  time: 0.0897  data_time: 0.0010  memory: 875  loss: 0.0907
06/10 10:41:08 - mmengine - INFO - Exp name: resnet18_finetune_20230610_103144
06/10 10:41:08 - mmengine - INFO - Saving checkpoint at 46 epochs
06/10 10:41:10 - mmengine - INFO - Epoch(val) [46][28/28]    accuracy/top1: 91.5541  accuracy/top3: 97.0721  data_time: 0.0058  time: 0.0387
06/10 10:41:19 - mmengine - INFO - Epoch(train) [47][100/109]  lr: 1.0000e-03  eta: 0:00:30  time: 0.0894  data_time: 0.0008  memory: 875  loss: 0.0751
06/10 10:41:20 - mmengine - INFO - Exp name: resnet18_finetune_20230610_103144
06/10 10:41:20 - mmengine - INFO - Saving checkpoint at 47 epochs
06/10 10:41:22 - mmengine - INFO - Epoch(val) [47][28/28]    accuracy/top1: 91.1036  accuracy/top3: 97.4099  data_time: 0.0046  time: 0.0367
06/10 10:41:31 - mmengine - INFO - Epoch(train) [48][100/109]  lr: 1.0000e-03  eta: 0:00:20  time: 0.0892  data_time: 0.0007  memory: 875  loss: 0.0920
06/10 10:41:32 - mmengine - INFO - Exp name: resnet18_finetune_20230610_103144
06/10 10:41:32 - mmengine - INFO - Saving checkpoint at 48 epochs
06/10 10:41:34 - mmengine - INFO - Epoch(val) [48][28/28]    accuracy/top1: 91.2162  accuracy/top3: 97.1847  data_time: 0.0068  time: 0.0343
06/10 10:41:43 - mmengine - INFO - Epoch(train) [49][100/109]  lr: 1.0000e-03  eta: 0:00:10  time: 0.0896  data_time: 0.0007  memory: 875  loss: 0.0731
06/10 10:41:44 - mmengine - INFO - Exp name: resnet18_finetune_20230610_103144
06/10 10:41:44 - mmengine - INFO - Saving checkpoint at 49 epochs
06/10 10:41:46 - mmengine - INFO - Epoch(val) [49][28/28]    accuracy/top1: 90.9910  accuracy/top3: 97.4099  data_time: 0.0056  time: 0.0332
06/10 10:41:55 - mmengine - INFO - Epoch(train) [50][100/109]  lr: 1.0000e-03  eta: 0:00:00  time: 0.0896  data_time: 0.0008  memory: 875  loss: 0.0617
06/10 10:41:56 - mmengine - INFO - Exp name: resnet18_finetune_20230610_103144
06/10 10:41:56 - mmengine - INFO - Saving checkpoint at 50 epochs
06/10 10:41:58 - mmengine - INFO - Epoch(val) [50][28/28]    accuracy/top1: 90.9910  accuracy/top3: 97.5225  data_time: 0.0051  time: 0.0327
Training finished successfully.

